2025-10-05 12:02:29,250 - file_converter - INFO - 📥 Получен запрос на конвертацию файла - IP: 192.168.0.53, Method: POST, Content-Type: multipart/form-data; boundary=----WebKitFormBoundaryn26E4OEn4BvnJKtb - [app.py:769]
2025-10-05 12:02:29,250 - file_converter - DEBUG - User-Agent: Mozilla/5.0 (Windows NT 10.0; Win64; x64) AppleWebKit/537.36 (KHTML, like Gecko) Chrome/138.0.0.0 YaBrowser/25.8.0.0 Safari/537.36 - [app.py:772]
2025-10-05 12:02:29,254 - file_converter - INFO - 📄 Конвертация файла: download (1).pdf (размер: 1059241 байт, из: pdf в: docx) - IP: 192.168.0.53 - [app.py:803]
2025-10-05 12:02:29,254 - file_converter - DEBUG - 🔧 Бинарный файл будет обработан через file_obj: pdf - [app.py:821]
2025-10-05 12:02:29,254 - file_converter - DEBUG - 🔄 Начало конвертации pdf -> docx - [app.py:832]
2025-10-05 12:02:29,254 - file_converter - DEBUG - 🛠️ Вызов perform_conversion: pdf -> docx - [app.py:531]
2025-10-05 12:02:29,255 - file_converter - INFO - 🔧 Конвертация: PDF → DOCX - [app.py:535]
2025-10-05 12:02:29,255 - file_converter - DEBUG - Обработка PDF файла - [app.py:617]
2025-10-05 12:02:29,255 - file_converter - DEBUG - 🔍 Извлечение текста из PDF - [app.py:230]
2025-10-05 12:02:30,170 - file_converter - DEBUG - 📄 Страница 1: извлечено 888 символов - [app.py:238]
2025-10-05 12:02:30,618 - file_converter - DEBUG - 📄 Страница 2: извлечено 245 символов - [app.py:238]
2025-10-05 12:02:31,364 - file_converter - DEBUG - 📄 Страница 3: извлечено 439 символов - [app.py:238]
2025-10-05 12:02:31,488 - file_converter - DEBUG - 📄 Страница 4: извлечено 210 символов - [app.py:238]
2025-10-05 12:02:32,471 - file_converter - DEBUG - 📄 Страница 5: извлечено 1566 символов - [app.py:238]
2025-10-05 12:02:32,655 - file_converter - DEBUG - 📄 Страница 6: извлечено 317 символов - [app.py:238]
2025-10-05 12:02:32,697 - file_converter - DEBUG - 📄 Страница 7: извлечено 945 символов - [app.py:238]
2025-10-05 12:02:32,730 - file_converter - DEBUG - 📄 Страница 8: извлечено 1001 символов - [app.py:238]
2025-10-05 12:02:32,758 - file_converter - DEBUG - 📄 Страница 9: извлечено 850 символов - [app.py:238]
2025-10-05 12:02:32,828 - file_converter - DEBUG - 📄 Страница 10: извлечено 680 символов - [app.py:238]
2025-10-05 12:02:32,883 - file_converter - DEBUG - 📄 Страница 11: извлечено 1849 символов - [app.py:238]
2025-10-05 12:02:32,884 - file_converter - INFO - ✅ Извлечено 9001 символов из PDF - [app.py:244]
2025-10-05 12:02:32,884 - file_converter - DEBUG - Извлечено 9001 символов из PDF - [app.py:623]
2025-10-05 12:02:32,885 - file_converter - DEBUG - Конвертация PDF → DOCX - [app.py:629]
2025-10-05 12:02:32,917 - file_converter - INFO - ✅ Успешная конвертация: pdf -> docx - [app.py:748]
2025-10-05 12:02:32,917 - file_converter - DEBUG - ✅ Конвертация завершена успешно - [app.py:834]
2025-10-05 12:02:32,918 - file_converter - DEBUG - 💾 Сохранен бинарный файл: C:\Users\75BD~1\AppData\Local\Temp\tmptpda_c7e.docx - [app.py:854]
2025-10-05 12:02:32,919 - file_converter - INFO - ✅ Конвертация завершена успешно. ID файла: 24e94682-e68f-4be4-94ec-24d8bcf3ae03, результирующее имя: download (1).docx - [app.py:870]
2025-10-05 12:02:33,775 - file_converter - INFO - 📥 Запрос на скачивание файла: download (1).docx (ID: 24e94682-e68f-4be4-94ec-24d8bcf3ae03) - [app.py:893]
2025-10-05 12:02:33,775 - file_converter - INFO - 📤 Отправка файла: download (1).docx (размер: 41369 байт) - [app.py:907]
