2025-11-17 20:52:37,695 - bank_system - INFO - main.py:273 - Наименование банка: Банк
2025-11-17 20:52:37,695 - bank_system - INFO - main.py:277 - Создание счета для Иван Петров с начальным депозитом 1000.00
2025-11-17 20:52:37,695 - bank_system - INFO - main.py:117 - Создан банковский счет ACC38057841 для владельца Иван Петров с начальным балансом 1000.00
2025-11-17 20:52:37,695 - bank_system - INFO - main.py:122 - Пополнение счета ACC38057841 на сумму 1000.00
2025-11-17 20:52:37,696 - bank_system - DEBUG - main.py:73 - Создана транзакция TXN358405: deposit на сумму 1000.00 от EXTERNAL к ACC38057841
2025-11-17 20:52:37,696 - bank_system - INFO - main.py:79 - Выполнение транзакции TXN358405
2025-11-17 20:52:37,696 - bank_system - DEBUG - main.py:81 - Транзакция TXN358405 успешно выполнена
2025-11-17 20:52:37,696 - bank_system - INFO - main.py:141 - Успешное пополнение счета ACC38057841 на 1000.00. Новый баланс: 2000.00
2025-11-17 20:52:37,696 - bank_system - INFO - main.py:296 - Создан новый счет ACC38057841 для Иван Петров
2025-11-17 20:52:37,696 - bank_system - INFO - main.py:277 - Создание счета для Мария Сидорова с начальным депозитом 500.00
2025-11-17 20:52:37,696 - bank_system - INFO - main.py:117 - Создан банковский счет ACC36104425 для владельца Мария Сидорова с начальным балансом 500.00
2025-11-17 20:52:37,696 - bank_system - INFO - main.py:122 - Пополнение счета ACC36104425 на сумму 500.00
2025-11-17 20:52:37,696 - bank_system - DEBUG - main.py:73 - Создана транзакция TXN256375: deposit на сумму 500.00 от EXTERNAL к ACC36104425
2025-11-17 20:52:37,696 - bank_system - INFO - main.py:79 - Выполнение транзакции TXN256375
2025-11-17 20:52:37,696 - bank_system - DEBUG - main.py:81 - Транзакция TXN256375 успешно выполнена
2025-11-17 20:52:37,696 - bank_system - INFO - main.py:141 - Успешное пополнение счета ACC36104425 на 500.00. Новый баланс: 1000.00
2025-11-17 20:52:37,697 - bank_system - INFO - main.py:296 - Создан новый счет ACC36104425 для Мария Сидорова
2025-11-17 20:52:37,697 - bank_system - INFO - main.py:277 - Создание счета для Алексей Иванов с начальным депозитом 200.00
2025-11-17 20:52:37,697 - bank_system - INFO - main.py:117 - Создан банковский счет ACC89750104 для владельца Алексей Иванов с начальным балансом 200.00
2025-11-17 20:52:37,697 - bank_system - INFO - main.py:122 - Пополнение счета ACC89750104 на сумму 200.00
2025-11-17 20:52:37,697 - bank_system - DEBUG - main.py:73 - Создана транзакция TXN363219: deposit на сумму 200.00 от EXTERNAL к ACC89750104
2025-11-17 20:52:37,697 - bank_system - INFO - main.py:79 - Выполнение транзакции TXN363219
2025-11-17 20:52:37,697 - bank_system - DEBUG - main.py:81 - Транзакция TXN363219 успешно выполнена
2025-11-17 20:52:37,697 - bank_system - INFO - main.py:141 - Успешное пополнение счета ACC89750104 на 200.00. Новый баланс: 400.00
2025-11-17 20:52:37,697 - bank_system - INFO - main.py:296 - Создан новый счет ACC89750104 для Алексей Иванов
2025-11-17 20:52:37,698 - bank_system - INFO - main.py:122 - Пополнение счета ACC38057841 на сумму 300.00
2025-11-17 20:52:37,698 - bank_system - DEBUG - main.py:73 - Создана транзакция TXN228190: deposit на сумму 300.00 от EXTERNAL к ACC38057841
2025-11-17 20:52:37,698 - bank_system - INFO - main.py:79 - Выполнение транзакции TXN228190
2025-11-17 20:52:37,698 - bank_system - DEBUG - main.py:81 - Транзакция TXN228190 успешно выполнена
2025-11-17 20:52:37,698 - bank_system - INFO - main.py:141 - Успешное пополнение счета ACC38057841 на 300.00. Новый баланс: 2300.00
2025-11-17 20:52:37,698 - bank_system - INFO - main.py:122 - Пополнение счета ACC36104425 на сумму 150.00
2025-11-17 20:52:37,698 - bank_system - DEBUG - main.py:73 - Создана транзакция TXN759237: deposit на сумму 150.00 от EXTERNAL к ACC36104425
2025-11-17 20:52:37,698 - bank_system - INFO - main.py:79 - Выполнение транзакции TXN759237
2025-11-17 20:52:37,698 - bank_system - DEBUG - main.py:81 - Транзакция TXN759237 успешно выполнена
2025-11-17 20:52:37,698 - bank_system - INFO - main.py:141 - Успешное пополнение счета ACC36104425 на 150.00. Новый баланс: 1150.00
2025-11-17 20:52:37,698 - bank_system - INFO - main.py:151 - Снятие средств со счета ACC38057841 суммы 200.00
2025-11-17 20:52:37,698 - bank_system - DEBUG - main.py:73 - Создана транзакция TXN397446: withdraw на сумму 200.00 от ACC38057841 к EXTERNAL
2025-11-17 20:52:37,698 - bank_system - INFO - main.py:79 - Выполнение транзакции TXN397446
2025-11-17 20:52:37,698 - bank_system - DEBUG - main.py:81 - Транзакция TXN397446 успешно выполнена
2025-11-17 20:52:37,698 - bank_system - INFO - main.py:175 - Успешное снятие средств со счета ACC38057841 на 200.00. Новый баланс: 2100.00
2025-11-17 20:52:37,699 - bank_system - INFO - main.py:151 - Снятие средств со счета ACC89750104 суммы 50.00
2025-11-17 20:52:37,699 - bank_system - DEBUG - main.py:73 - Создана транзакция TXN629671: withdraw на сумму 50.00 от ACC89750104 к EXTERNAL
2025-11-17 20:52:37,699 - bank_system - INFO - main.py:79 - Выполнение транзакции TXN629671
2025-11-17 20:52:37,699 - bank_system - DEBUG - main.py:81 - Транзакция TXN629671 успешно выполнена
2025-11-17 20:52:37,699 - bank_system - INFO - main.py:175 - Успешное снятие средств со счета ACC89750104 на 50.00. Новый баланс: 350.00
2025-11-17 20:52:37,699 - bank_system - INFO - main.py:185 - Перевод 100.00 с ACC38057841 на ACC36104425
2025-11-17 20:52:37,699 - bank_system - DEBUG - main.py:73 - Создана транзакция TXN873454: transfer на сумму 100.00 от ACC38057841 к ACC36104425
2025-11-17 20:52:37,699 - bank_system - INFO - main.py:79 - Выполнение транзакции TXN873454
2025-11-17 20:52:37,699 - bank_system - DEBUG - main.py:81 - Транзакция TXN873454 успешно выполнена
2025-11-17 20:52:37,699 - bank_system - INFO - main.py:213 - Успешный перевод 100.00 с ACC38057841 на ACC36104425. Баланс источника: 2000.00, баланс цели: 1250.00
2025-11-17 20:52:37,699 - bank_system - INFO - main.py:185 - Перевод 75.00 с ACC36104425 на ACC89750104
2025-11-17 20:52:37,699 - bank_system - DEBUG - main.py:73 - Создана транзакция TXN221944: transfer на сумму 75.00 от ACC36104425 к ACC89750104
2025-11-17 20:52:37,699 - bank_system - INFO - main.py:79 - Выполнение транзакции TXN221944
2025-11-17 20:52:37,700 - bank_system - DEBUG - main.py:81 - Транзакция TXN221944 успешно выполнена
2025-11-17 20:52:37,700 - bank_system - INFO - main.py:213 - Успешный перевод 75.00 с ACC36104425 на ACC89750104. Баланс источника: 1175.00, баланс цели: 425.00
2025-11-17 20:52:37,700 - bank_system - INFO - main.py:185 - Перевод 500.00 с ACC89750104 на ACC38057841
2025-11-17 20:52:37,700 - bank_system - WARNING - main.py:193 - Недостаточно средств для перевода с ACC89750104. Запрошено: 500.00, доступно: 425.00
2025-11-17 20:52:37,700 - bank_system - DEBUG - main.py:244 - Информация о счете ACC38057841
2025-11-17 20:52:37,700 - bank_system - DEBUG - main.py:244 - Информация о счете ACC36104425
2025-11-17 20:52:37,701 - bank_system - DEBUG - main.py:244 - Информация о счете ACC89750104
2025-11-17 20:52:37,701 - bank_system - DEBUG - main.py:328 - Общая сумма депозитов в банке Банк: 3600.00
2025-11-17 20:52:37,701 - bank_system - INFO - main.py:345 - Статистика банка Банк: {'bank_name': 'Банк', 'total_accounts': 3, 'active_accounts': 3, 'total_deposits': 3600.0, 'total_transactions': 11}
2025-11-17 20:52:37,702 - bank_system - DEBUG - main.py:228 - Истории транзакций для счета ACC38057841. Количество транзакций: 4
2025-11-17 20:52:37,702 - bank_system - INFO - main.py:358 - Сохранение данных банка в файл bank_data.json
2025-11-17 20:52:37,702 - bank_system - DEBUG - main.py:244 - Информация о счете ACC38057841
2025-11-17 20:52:37,702 - bank_system - DEBUG - main.py:244 - Информация о счете ACC36104425
2025-11-17 20:52:37,703 - bank_system - DEBUG - main.py:244 - Информация о счете ACC89750104
2025-11-17 20:52:37,703 - bank_system - INFO - main.py:375 - Данные банка успешно сохранены в bank_data.json
2025-11-17 20:52:37,704 - bank_system - INFO - main.py:439 - Демонстрация банковской системы успешно завершена
