2025-11-07T20:23:11.582775+0400 INFO Инициализация игры...
2025-11-07T20:23:11.760963+0400 INFO Игра успешно инициализирована.
2025-11-07T20:23:13.124973+0400 INFO Игра началась. Выбран уровень: level_1
2025-11-07T20:23:15.206066+0400 DEBUG Создан новый шар с параметрами: [0, 590, 1, 0]
2025-11-07T20:23:16.528634+0400 DEBUG Шар попал в блок с индексом 0
2025-11-07T20:23:18.151580+0400 DEBUG Создан новый шар с параметрами: [116, 590, 1, -1]
2025-11-07T20:23:19.681378+0400 DEBUG Шар попал в блок с индексом 0
2025-11-07T20:23:19.765341+0400 DEBUG Шар попал в блок с индексом 8
2025-11-07T20:23:19.989728+0400 DEBUG Шар попал в блок с индексом 3
2025-11-07T20:23:21.993476+0400 DEBUG Создан новый шар с параметрами: [419, 590, 1, -1]
2025-11-07T20:23:25.900796+0400 DEBUG Создан новый шар с параметрами: [117, 590, 1, 0]
2025-11-07T20:23:27.061265+0400 DEBUG Шар попал в блок с индексом 9
2025-11-07T20:23:29.144776+0400 DEBUG Создан новый шар с параметрами: [54, 590, 1, 1]
2025-11-07T20:23:29.908328+0400 DEBUG Шар попал в блок с индексом 32
2025-11-07T20:23:31.026544+0400 DEBUG Создан новый шар с параметрами: [54, 590, 1, 1]
2025-11-07T20:23:31.790289+0400 DEBUG Шар попал в блок с индексом 32
2025-11-07T20:23:32.800410+0400 DEBUG Создан новый шар с параметрами: [54, 590, 1, 1]
2025-11-07T20:23:33.515038+0400 DEBUG Шар попал в блок с индексом 31
2025-11-07T20:23:33.697461+0400 DEBUG Шар попал в блок с индексом 47
2025-11-07T20:23:35.179073+0400 DEBUG Создан новый шар с параметрами: [167, 590, 1, -1]
2025-11-07T20:23:35.751970+0400 DEBUG Шар попал в блок с индексом 41
2025-11-07T20:23:37.600622+0400 DEBUG Создан новый шар с параметрами: [99, 590, 1, -1]
2025-11-07T20:23:38.030492+0400 DEBUG Шар попал в блок с индексом 46
2025-11-07T20:23:38.203944+0400 DEBUG Шар попал в блок с индексом 62
2025-11-07T20:23:38.644183+0400 DEBUG Шар попал в блок с индексом 37
2025-11-07T20:23:38.664322+0400 DEBUG Шар попал в блок с индексом 31
2025-11-07T20:23:39.715583+0400 DEBUG Создан новый шар с параметрами: [99, 590, 1, -1]
2025-11-07T20:23:40.201950+0400 DEBUG Шар попал в блок с индексом 47
2025-11-07T20:23:41.529271+0400 DEBUG Создан новый шар с параметрами: [87, 590, 1, -1]
2025-11-07T20:23:41.959369+0400 DEBUG Шар попал в блок с индексом 46
2025-11-07T20:23:42.841069+0400 DEBUG Создан новый шар с параметрами: [87, 590, 1, -1]
2025-11-07T20:23:42.841707+0400 INFO Игра окончена. Поражение. Финальный счет: 16
2025-11-07T20:25:12.706461+0400 INFO Приложение завершает работу.
