2025-11-22 17:01:47,758 - INFO - НАЧАЛО НОВОЙ ИГРЫ В КРЕСТИКИ-НОЛИКИ
2025-11-22 17:01:49,724 - INFO - Игрок выбрал символ: X, компьютер: O
2025-11-22 17:01:52,717 - INFO - Первым ходит: computer
2025-11-22 17:01:52,717 - INFO - Текущее состояние доски:
  |   |  
---------
  |   |  
---------
  |   |  

2025-11-22 17:01:52,718 - INFO - --- ХОД КОМПЬЮТЕРА ---
2025-11-22 17:01:52,718 - INFO - Компьютер выбрал стратегический ход на позицию 5
2025-11-22 17:01:52,718 - INFO - компьютер поставил 'O' на позицию 5 (ряд 2, колонка 2)
2025-11-22 17:01:52,718 - INFO - Занятые позиции: [5]
2025-11-22 17:01:52,718 - INFO - Текущее состояние доски:
  |   |  
---------
  | O |  
---------
  |   |  

2025-11-22 17:01:52,718 - INFO - --- ХОД ИГРОКА ---
2025-11-22 17:01:55,161 - INFO - Игрок ввел позицию: 4
2025-11-22 17:01:55,161 - INFO - игрок поставил 'X' на позицию 4 (ряд 2, колонка 1)
2025-11-22 17:01:55,161 - INFO - Занятые позиции: [4, 5]
2025-11-22 17:01:55,161 - INFO - Текущее состояние доски:
  |   |  
---------
X | O |  
---------
  |   |  

2025-11-22 17:01:55,161 - INFO - --- ХОД КОМПЬЮТЕРА ---
2025-11-22 17:01:55,161 - INFO - Компьютер выбрал стратегический ход на позицию 1
2025-11-22 17:01:55,161 - INFO - компьютер поставил 'O' на позицию 1 (ряд 1, колонка 1)
2025-11-22 17:01:55,161 - INFO - Занятые позиции: [1, 4, 5]
2025-11-22 17:01:55,161 - INFO - Текущее состояние доски:
O |   |  
---------
X | O |  
---------
  |   |  

2025-11-22 17:01:55,161 - INFO - --- ХОД ИГРОКА ---
2025-11-22 17:01:59,653 - INFO - Игрок ввел позицию: 2
2025-11-22 17:01:59,653 - INFO - игрок поставил 'X' на позицию 2 (ряд 1, колонка 2)
2025-11-22 17:01:59,653 - INFO - Занятые позиции: [1, 2, 4, 5]
2025-11-22 17:01:59,653 - INFO - Текущее состояние доски:
O | X |  
---------
X | O |  
---------
  |   |  

2025-11-22 17:01:59,653 - INFO - --- ХОД КОМПЬЮТЕРА ---
2025-11-22 17:01:59,653 - INFO - Победа O! Выигрышная главная диагональ
2025-11-22 17:01:59,653 - INFO - Компьютер выбрал выигрышный ход на позицию 9
2025-11-22 17:01:59,653 - INFO - компьютер поставил 'O' на позицию 9 (ряд 3, колонка 3)
2025-11-22 17:01:59,653 - INFO - Занятые позиции: [1, 2, 4, 5, 9]
2025-11-22 17:01:59,653 - INFO - Текущее состояние доски:
O | X |  
---------
X | O |  
---------
  |   | O

2025-11-22 17:01:59,653 - INFO - Победа O! Выигрышная главная диагональ
2025-11-22 17:01:59,653 - INFO - !!! КОМПЬЮТЕР ПОБЕДИЛ !!!
2025-11-22 17:01:59,653 - INFO - Игра завершена. Ожидание решения игрока о выходе.
2025-11-22 17:02:01,892 - INFO - Игрок выбрал завершение программы
2025-11-22 17:02:01,892 - INFO - !!! ИГРА ЗАВЕРШЕНА !!!

