2025-11-22 17:04:42,918 - INFO - НАЧАЛО НОВОЙ ИГРЫ В КРЕСТИКИ-НОЛИКИ
2025-11-22 17:04:44,363 - INFO - Игрок выбрал символ: X, компьютер: O
2025-11-22 17:04:52,860 - INFO - Первым ходит: computer
2025-11-22 17:04:52,860 - INFO - Текущее состояние доски:
  |   |  
---------
  |   |  
---------
  |   |  

2025-11-22 17:04:52,860 - INFO - --- ХОД КОМПЬЮТЕРА ---
2025-11-22 17:04:52,860 - INFO - Компьютер выбрал стратегический ход на позицию 5
2025-11-22 17:04:52,860 - INFO - компьютер поставил 'O' на позицию 5 (ряд 2, колонка 2)
2025-11-22 17:04:52,861 - INFO - Занятые позиции: [5]
2025-11-22 17:04:52,861 - INFO - Текущее состояние доски:
  |   |  
---------
  | O |  
---------
  |   |  

2025-11-22 17:04:52,861 - INFO - --- ХОД ИГРОКА ---
2025-11-22 17:04:55,913 - INFO - Игрок ввел позицию: 0
2025-11-22 17:04:55,914 - WARNING - Попытка неверного хода: позиция 0 вне диапазона 1-9
2025-11-22 17:04:55,914 - WARNING - Игрок ввел недопустимую позицию: 0
2025-11-22 17:04:58,221 - INFO - Игрок ввел позицию: 2
2025-11-22 17:04:58,221 - INFO - игрок поставил 'X' на позицию 2 (ряд 1, колонка 2)
2025-11-22 17:04:58,221 - INFO - Занятые позиции: [2, 5]
2025-11-22 17:04:58,221 - INFO - Текущее состояние доски:
  | X |  
---------
  | O |  
---------
  |   |  

2025-11-22 17:04:58,221 - INFO - --- ХОД КОМПЬЮТЕРА ---
2025-11-22 17:04:58,221 - INFO - Компьютер выбрал стратегический ход на позицию 1
2025-11-22 17:04:58,221 - INFO - компьютер поставил 'O' на позицию 1 (ряд 1, колонка 1)
2025-11-22 17:04:58,221 - INFO - Занятые позиции: [1, 2, 5]
2025-11-22 17:04:58,221 - INFO - Текущее состояние доски:
O | X |  
---------
  | O |  
---------
  |   |  

2025-11-22 17:04:58,221 - INFO - --- ХОД ИГРОКА ---
2025-11-22 17:05:01,412 - INFO - Игрок ввел позицию: 10
2025-11-22 17:05:01,412 - WARNING - Попытка неверного хода: позиция 10 вне диапазона 1-9
2025-11-22 17:05:01,412 - WARNING - Игрок ввел недопустимую позицию: 10
2025-11-22 17:05:03,658 - INFO - Игрок ввел позицию: 2
2025-11-22 17:05:03,658 - WARNING - Попытка хода в занятую позицию: 2
2025-11-22 17:05:03,658 - WARNING - Игрок ввел недопустимую позицию: 2
2025-11-22 17:05:06,207 - INFO - Игрок ввел позицию: 3
2025-11-22 17:05:06,207 - INFO - игрок поставил 'X' на позицию 3 (ряд 1, колонка 3)
2025-11-22 17:05:06,207 - INFO - Занятые позиции: [1, 2, 3, 5]
2025-11-22 17:05:06,207 - INFO - Текущее состояние доски:
O | X | X
---------
  | O |  
---------
  |   |  

2025-11-22 17:05:06,207 - INFO - --- ХОД КОМПЬЮТЕРА ---
2025-11-22 17:05:06,207 - INFO - Победа O! Выигрышная главная диагональ
2025-11-22 17:05:06,208 - INFO - Компьютер выбрал выигрышный ход на позицию 9
2025-11-22 17:05:06,208 - INFO - компьютер поставил 'O' на позицию 9 (ряд 3, колонка 3)
2025-11-22 17:05:06,208 - INFO - Занятые позиции: [1, 2, 3, 5, 9]
2025-11-22 17:05:06,208 - INFO - Текущее состояние доски:
O | X | X
---------
  | O |  
---------
  |   | O

2025-11-22 17:05:06,208 - INFO - Победа O! Выигрышная главная диагональ
2025-11-22 17:05:06,208 - INFO - !!! КОМПЬЮТЕР ПОБЕДИЛ !!!
2025-11-22 17:05:06,208 - INFO - Игра завершена. Ожидание решения игрока о выходе.
2025-11-22 17:05:08,618 - INFO - Игрок выбрал завершение программы
2025-11-22 17:05:08,618 - INFO - !!! ИГРА ЗАВЕРШЕНА !!!

