2025-11-22 17:01:11,600 - INFO - НАЧАЛО НОВОЙ ИГРЫ В КРЕСТИКИ-НОЛИКИ
2025-11-22 17:01:15,479 - INFO - Игрок выбрал символ: O, компьютер: X
2025-11-22 17:01:16,964 - INFO - Первым ходит: player
2025-11-22 17:01:16,964 - INFO - Текущее состояние доски:
  |   |  
---------
  |   |  
---------
  |   |  

2025-11-22 17:01:16,964 - INFO - --- ХОД ИГРОКА ---
2025-11-22 17:01:21,368 - INFO - Игрок ввел позицию: 5
2025-11-22 17:01:21,368 - INFO - игрок поставил 'O' на позицию 5 (ряд 2, колонка 2)
2025-11-22 17:01:21,368 - INFO - Занятые позиции: [5]
2025-11-22 17:01:21,369 - INFO - Текущее состояние доски:
  |   |  
---------
  | O |  
---------
  |   |  

2025-11-22 17:01:21,369 - INFO - --- ХОД КОМПЬЮТЕРА ---
2025-11-22 17:01:21,369 - INFO - Компьютер выбрал стратегический ход на позицию 1
2025-11-22 17:01:21,369 - INFO - компьютер поставил 'X' на позицию 1 (ряд 1, колонка 1)
2025-11-22 17:01:21,369 - INFO - Занятые позиции: [1, 5]
2025-11-22 17:01:21,369 - INFO - Текущее состояние доски:
X |   |  
---------
  | O |  
---------
  |   |  

2025-11-22 17:01:21,369 - INFO - --- ХОД ИГРОКА ---
2025-11-22 17:01:26,831 - INFO - Игрок ввел позицию: 9
2025-11-22 17:01:26,832 - INFO - игрок поставил 'O' на позицию 9 (ряд 3, колонка 3)
2025-11-22 17:01:26,832 - INFO - Занятые позиции: [1, 5, 9]
2025-11-22 17:01:26,832 - INFO - Текущее состояние доски:
X |   |  
---------
  | O |  
---------
  |   | O

2025-11-22 17:01:26,832 - INFO - --- ХОД КОМПЬЮТЕРА ---
2025-11-22 17:01:26,832 - INFO - Компьютер выбрал стратегический ход на позицию 3
2025-11-22 17:01:26,832 - INFO - компьютер поставил 'X' на позицию 3 (ряд 1, колонка 3)
2025-11-22 17:01:26,832 - INFO - Занятые позиции: [1, 3, 5, 9]
2025-11-22 17:01:26,832 - INFO - Текущее состояние доски:
X |   | X
---------
  | O |  
---------
  |   | O

2025-11-22 17:01:26,832 - INFO - --- ХОД ИГРОКА ---
2025-11-22 17:01:30,397 - INFO - Игрок ввел позицию: 2
2025-11-22 17:01:30,398 - INFO - игрок поставил 'O' на позицию 2 (ряд 1, колонка 2)
2025-11-22 17:01:30,398 - INFO - Занятые позиции: [1, 2, 3, 5, 9]
2025-11-22 17:01:30,398 - INFO - Текущее состояние доски:
X | O | X
---------
  | O |  
---------
  |   | O

2025-11-22 17:01:30,398 - INFO - --- ХОД КОМПЬЮТЕРА ---
2025-11-22 17:01:30,398 - INFO - Победа O! Выигрышная колонка: 2
2025-11-22 17:01:30,398 - INFO - Компьютер выбрал блокирующий ход на позицию 8
2025-11-22 17:01:30,398 - INFO - компьютер поставил 'X' на позицию 8 (ряд 3, колонка 2)
2025-11-22 17:01:30,398 - INFO - Занятые позиции: [1, 2, 3, 5, 8, 9]
2025-11-22 17:01:30,398 - INFO - Текущее состояние доски:
X | O | X
---------
  | O |  
---------
  | X | O

2025-11-22 17:01:30,398 - INFO - --- ХОД ИГРОКА ---
2025-11-22 17:01:36,726 - INFO - Игрок ввел позицию: 4
2025-11-22 17:01:36,726 - INFO - игрок поставил 'O' на позицию 4 (ряд 2, колонка 1)
2025-11-22 17:01:36,726 - INFO - Занятые позиции: [1, 2, 3, 4, 5, 8, 9]
2025-11-22 17:01:36,726 - INFO - Текущее состояние доски:
X | O | X
---------
O | O |  
---------
  | X | O

2025-11-22 17:01:36,726 - INFO - --- ХОД КОМПЬЮТЕРА ---
2025-11-22 17:01:36,726 - INFO - Победа O! Выигрышная строка: 2
2025-11-22 17:01:36,726 - INFO - Компьютер выбрал блокирующий ход на позицию 6
2025-11-22 17:01:36,726 - INFO - компьютер поставил 'X' на позицию 6 (ряд 2, колонка 3)
2025-11-22 17:01:36,726 - INFO - Занятые позиции: [1, 2, 3, 4, 5, 6, 8, 9]
2025-11-22 17:01:36,726 - INFO - Текущее состояние доски:
X | O | X
---------
O | O | X
---------
  | X | O

2025-11-22 17:01:36,726 - INFO - --- ХОД ИГРОКА ---
2025-11-22 17:01:40,491 - INFO - Игрок ввел позицию: 7
2025-11-22 17:01:40,491 - INFO - игрок поставил 'O' на позицию 7 (ряд 3, колонка 1)
2025-11-22 17:01:40,491 - INFO - Занятые позиции: [1, 2, 3, 4, 5, 6, 7, 8, 9]
2025-11-22 17:01:40,491 - INFO - Текущее состояние доски:
X | O | X
---------
O | O | X
---------
O | X | O

2025-11-22 17:01:40,491 - INFO - Доска полностью заполнена - ничья!
2025-11-22 17:01:40,491 - INFO - !!! НИЧЬЯ !!!
2025-11-22 17:01:40,491 - INFO - Игра завершена. Ожидание решения игрока о выходе.
2025-11-22 17:01:43,396 - INFO - Игрок выбрал завершение программы
2025-11-22 17:01:43,397 - INFO - !!! ИГРА ЗАВЕРШЕНА !!!

