2025-10-12 12:10:54,909 - file_converter - INFO - 🌐 Входящий запрос: GET / - IP: 127.0.0.1 - User-Agent: Werkzeug/3.1.3 - [app.py:946]
2025-10-12 12:10:54,916 - file_converter - INFO - 📥 Получен запрос на конвертацию файла - IP: 127.0.0.1, Method: POST, Content-Type: None - [app.py:771]
2025-10-12 12:10:54,916 - file_converter - DEBUG - User-Agent: Werkzeug/3.1.3 - [app.py:774]
2025-10-12 12:10:54,916 - file_converter - WARNING - ❌ В запросе отсутствует файл - IP: 127.0.0.1 - [app.py:778]
2025-10-12 12:10:54,919 - file_converter - INFO - 📥 Получен запрос на конвертацию файла - IP: 127.0.0.1, Method: POST, Content-Type: multipart/form-data; boundary="---------------WerkzeugFormPart_1760260254.91942720.9223668926512042" - [app.py:771]
2025-10-12 12:10:54,919 - file_converter - DEBUG - User-Agent: Werkzeug/3.1.3 - [app.py:774]
2025-10-12 12:10:54,920 - file_converter - WARNING - 🚫 Неподдерживаемый тип файла: test.exe - IP: 127.0.0.1 - [app.py:789]
2025-10-12 12:10:54,922 - file_converter - INFO - 📥 Получен запрос на конвертацию файла - IP: 127.0.0.1, Method: POST, Content-Type: multipart/form-data; boundary="---------------WerkzeugFormPart_1760260254.922410.5499362181813426" - [app.py:771]
2025-10-12 12:10:54,922 - file_converter - DEBUG - User-Agent: Werkzeug/3.1.3 - [app.py:774]
2025-10-12 12:10:54,923 - file_converter - INFO - 📄 Конвертация файла: test.csv (размер: 24 байт, из: csv в: json) - IP: 127.0.0.1 - [app.py:805]
2025-10-12 12:10:54,923 - file_converter - DEBUG - 📝 Текстовый файл прочитан: 24 символов - [app.py:831]
2025-10-12 12:10:54,923 - file_converter - DEBUG - 🔄 Начало конвертации csv -> json - [app.py:837]
2025-10-12 12:10:54,923 - file_converter - DEBUG - 🛠️ Вызов perform_conversion: csv -> json - [app.py:533]
2025-10-12 12:10:54,923 - file_converter - INFO - 🔧 Конвертация: CSV → JSON - [app.py:537]
2025-10-12 12:10:54,924 - file_converter - DEBUG - Конвертация CSV → JSON - [app.py:546]
2025-10-12 12:10:54,924 - file_converter - DEBUG - Конвертация CSV в JSON - [app.py:102]
2025-10-12 12:10:54,926 - file_converter - DEBUG - ✅ CSV→JSON: обработано 2 строк - [app.py:106]
2025-10-12 12:10:54,926 - file_converter - INFO - ✅ Успешная конвертация: csv -> json - [app.py:750]
2025-10-12 12:10:54,926 - file_converter - DEBUG - ✅ Конвертация завершена успешно - [app.py:839]
2025-10-12 12:10:54,927 - file_converter - DEBUG - 👀 Создан preview: 84 символов - [app.py:855]
2025-10-12 12:10:54,927 - file_converter - DEBUG - 💾 Сохранен текстовый файл: C:\Users\75BD~1\AppData\Local\Temp\tmpw4g3cofc.json, размер: 84 символов - [app.py:863]
2025-10-12 12:10:54,928 - file_converter - INFO - ✅ Конвертация завершена успешно. ID файла: 9ff28955-55cc-4a88-8d70-befdb30ed30b, результирующее имя: test.json - [app.py:875]
2025-10-12 12:10:54,932 - file_converter - INFO - 🌐 Входящий запрос: GET /download/invalid_id/filename.json - IP: 127.0.0.1 - User-Agent: Werkzeug/3.1.3 - [app.py:946]
2025-10-12 12:10:54,932 - file_converter - INFO - 📥 Запрос на скачивание файла: filename.json (ID: invalid_id) - IP: 127.0.0.1 - [app.py:901]
2025-10-12 12:10:54,932 - file_converter - WARNING - 🚫 Файл не найден или устарел: invalid_id - IP: 127.0.0.1 - [app.py:906]
2025-10-12 12:10:54,935 - file_converter - INFO - 📥 Получен запрос на конвертацию файла - IP: 127.0.0.1, Method: POST, Content-Type: multipart/form-data; boundary="---------------WerkzeugFormPart_1760260254.93537570.20638311324788017" - [app.py:771]
2025-10-12 12:10:54,935 - file_converter - DEBUG - User-Agent: Werkzeug/3.1.3 - [app.py:774]
2025-10-12 12:10:54,936 - file_converter - WARNING - ❌ Не указан целевой формат - IP: 127.0.0.1 - [app.py:794]
2025-10-12 12:10:54,938 - file_converter - DEBUG - 🛠️ Вызов perform_conversion: csv -> json - [app.py:533]
2025-10-12 12:10:54,938 - file_converter - INFO - 🔧 Конвертация: CSV → JSON - [app.py:537]
2025-10-12 12:10:54,938 - file_converter - DEBUG - Конвертация CSV → JSON - [app.py:546]
2025-10-12 12:10:54,938 - file_converter - DEBUG - Конвертация CSV в JSON - [app.py:102]
2025-10-12 12:10:54,939 - file_converter - DEBUG - ✅ CSV→JSON: обработано 2 строк - [app.py:106]
2025-10-12 12:10:54,939 - file_converter - INFO - ✅ Успешная конвертация: csv -> json - [app.py:750]
2025-10-12 12:10:54,941 - file_converter - DEBUG - 🛠️ Вызов perform_conversion: csv -> xml - [app.py:533]
2025-10-12 12:10:54,941 - file_converter - INFO - 🔧 Конвертация: CSV → XML - [app.py:537]
2025-10-12 12:10:54,941 - file_converter - DEBUG - Конвертация CSV → XML - [app.py:549]
2025-10-12 12:10:54,942 - file_converter - INFO - ✅ Успешная конвертация: csv -> xml - [app.py:750]
2025-10-12 12:10:54,943 - file_converter - DEBUG - 🛠️ Вызов perform_conversion: json -> csv - [app.py:533]
2025-10-12 12:10:54,943 - file_converter - INFO - 🔧 Конвертация: JSON → CSV - [app.py:537]
2025-10-12 12:10:54,943 - file_converter - DEBUG - Конвертация JSON → CSV - [app.py:569]
2025-10-12 12:10:54,944 - file_converter - INFO - ✅ Успешная конвертация: json -> csv - [app.py:750]
2025-10-12 12:10:54,946 - file_converter - DEBUG - 🛠️ Вызов perform_conversion: json -> xml - [app.py:533]
2025-10-12 12:10:54,946 - file_converter - INFO - 🔧 Конвертация: JSON → XML - [app.py:537]
2025-10-12 12:10:54,946 - file_converter - DEBUG - Конвертация JSON → XML - [app.py:572]
2025-10-12 12:10:54,946 - file_converter - INFO - ✅ Успешная конвертация: json -> xml - [app.py:750]
2025-10-12 12:10:54,947 - file_converter - DEBUG - 🛠️ Вызов perform_conversion: invalid_format -> json - [app.py:533]
2025-10-12 12:10:54,947 - file_converter - INFO - 🔧 Конвертация: INVALID_FORMAT → JSON - [app.py:537]
2025-10-12 12:10:54,947 - file_converter - ERROR - ❌ Неподдерживаемый входной формат: invalid_format - [app.py:740]
2025-10-12 12:10:54,947 - file_converter - ERROR - ❌ Ошибка конвертации invalid_format -> json: Unsupported input format: invalid_format - [app.py:754]
Traceback (most recent call last):
  File "C:\Users\Илья\Desktop\ТМП\TMP-labs\lab_6\app.py", line 741, in perform_conversion
    raise ValueError(f"Unsupported input format: {input_format}")
ValueError: Unsupported input format: invalid_format
2025-10-12 12:10:54,950 - file_converter - DEBUG - 🔍 Извлечение текста из PDF - [app.py:231]
2025-10-12 12:10:54,950 - file_converter - DEBUG - 📄 Страница 1: извлечено 24 символов - [app.py:239]
2025-10-12 12:10:54,950 - file_converter - INFO - ✅ Извлечено 25 символов из PDF - [app.py:245]
2025-10-12 12:10:54,952 - file_converter - INFO - 🖼️ Конвертация изображения в JPEG - [app.py:397]
2025-10-12 12:10:54,952 - file_converter - DEBUG - Исходный формат: PNG, размер: (100, 100) - [app.py:403]
2025-10-12 12:10:54,953 - file_converter - DEBUG - Размер сконвертированного изображения: <MagicMock name='BytesIO().getbuffer().nbytes' id='2844029250416'> байт - [app.py:417]
2025-10-12 12:10:54,953 - file_converter - INFO - ✅ Изображение сконвертировано: PNG → JPEG, размер: (100, 100) → 1 байт - [app.py:418]
2025-10-12 12:10:54,955 - file_converter - INFO - 🖼️ Конвертация изображения в JPEG - [app.py:397]
2025-10-12 12:10:54,955 - file_converter - DEBUG - Исходный формат: PNG, размер: (100, 100) - [app.py:403]
2025-10-12 12:10:54,956 - file_converter - DEBUG - Конвертация RGBA → RGB для JPEG формата - [app.py:408]
2025-10-12 12:10:54,956 - file_converter - DEBUG - Размер сконвертированного изображения: <MagicMock name='BytesIO().getbuffer().nbytes' id='2844029341952'> байт - [app.py:417]
2025-10-12 12:10:54,956 - file_converter - INFO - ✅ Изображение сконвертировано: PNG → JPEG, размер: (100, 100) → 1 байт - [app.py:418]
2025-10-12 12:10:54,960 - file_converter - DEBUG - Конвертация CSV в JSON - [app.py:102]
2025-10-12 12:10:54,960 - file_converter - DEBUG - Конвертация CSV в JSON - [app.py:102]
2025-10-12 12:10:54,961 - file_converter - DEBUG - ✅ CSV→JSON: обработано 2 строк - [app.py:106]
2025-10-12 12:10:54,961 - file_converter - DEBUG - ✅ CSV→JSON: обработано 2 строк - [app.py:106]
