2024-11-28 16:29:41,611 INFO Загрузка переменных из файла в окружение
2024-11-28 16:29:42,031 INFO Start polling
2024-11-28 16:29:42,152 INFO Run polling for bot @RoboticSamaraBot id=7443999450 - 'Robotic'
2024-11-28 16:29:42,334 INFO Попытка get запроса состояния лаборатории к бэкенду.
2024-11-28 16:29:42,566 INFO Ответ от бэкенда получен: False
2024-11-28 16:29:42,566 INFO Запрос состояния лаборатории от пользователя 859743151
2024-11-28 16:29:43,132 INFO Update id=456861019 is handled. Duration 797 ms by bot id=7443999450
2024-11-28 16:29:51,687 INFO Попытка get запроса состояния лаборатории к бэкенду.
2024-11-28 16:29:51,945 INFO Ответ от бэкенда получен: False
2024-11-28 16:29:51,945 INFO Попытка post запроса изменения состояния лаборатории к бэкенду.
2024-11-28 16:29:52,249 INFO Ответ от бэкенда получен: True
2024-11-28 16:29:52,250 INFO Лаборатория переведена в состояние True пользователем 859743151
2024-11-28 16:29:52,534 INFO Update id=456861020 is handled. Duration 844 ms by bot id=7443999450
2024-11-28 16:29:54,625 INFO Попытка get запроса состояния лаборатории к бэкенду.
2024-11-28 16:29:54,877 INFO Ответ от бэкенда получен: True
2024-11-28 16:29:54,878 INFO Запрос состояния лаборатории от пользователя 859743151
2024-11-28 16:29:55,111 INFO Update id=456861021 is handled. Duration 483 ms by bot id=7443999450
2024-11-28 16:29:56,505 INFO Попытка get запроса состояния лаборатории к бэкенду.
2024-11-28 16:29:56,684 INFO Ответ от бэкенда получен: True
2024-11-28 16:29:56,684 INFO Попытка post запроса изменения состояния лаборатории к бэкенду.
2024-11-28 16:29:56,854 INFO Ответ от бэкенда получен: False
2024-11-28 16:29:56,855 INFO Лаборатория переведена в состояние False пользователем 859743151
2024-11-28 16:29:57,038 INFO Update id=456861022 is handled. Duration 531 ms by bot id=7443999450
2024-11-28 16:29:58,006 INFO Попытка get запроса состояния лаборатории к бэкенду.
2024-11-28 16:29:58,297 INFO Ответ от бэкенда получен: False
2024-11-28 16:29:58,298 INFO Попытка закрыть закрытую лабораторию пользователем 859743151
2024-11-28 16:29:58,525 INFO Update id=456861023 is handled. Duration 514 ms by bot id=7443999450
2024-11-28 16:30:00,110 INFO Попытка get запроса состояния лаборатории к бэкенду.
2024-11-28 16:30:00,338 INFO Ответ от бэкенда получен: False
2024-11-28 16:30:00,338 INFO Запрос состояния лаборатории от пользователя 859743151
2024-11-28 16:30:00,585 INFO Update id=456861024 is handled. Duration 468 ms by bot id=7443999450
2024-11-28 16:30:02,128 INFO Попытка get запроса состояния лаборатории к бэкенду.
2024-11-28 16:30:02,375 INFO Ответ от бэкенда получен: False
2024-11-28 16:30:02,375 INFO Попытка post запроса изменения состояния лаборатории к бэкенду.
2024-11-28 16:30:02,565 INFO Ответ от бэкенда получен: True
2024-11-28 16:30:02,565 INFO Лаборатория переведена в состояние True пользователем 859743151
2024-11-28 16:30:02,724 INFO Update id=456861025 is handled. Duration 593 ms by bot id=7443999450
2024-11-28 16:30:09,870 INFO Попытка get запроса состояния лаборатории к бэкенду.
2024-11-28 16:30:10,053 INFO Ответ от бэкенда получен: True
2024-11-28 16:30:10,053 INFO Запрос состояния лаборатории от пользователя 859743151
2024-11-28 16:30:11,726 INFO Update id=456861026 is handled. Duration 1860 ms by bot id=7443999450
2024-11-28 16:30:26,248 INFO Попытка get запроса состояния лаборатории к бэкенду.
2024-11-28 16:30:26,493 CRITICAL Неопознанная ошибка: Expecting value: line 1 column 1 (char 0)
2024-11-28 16:30:26,494 INFO Запрос состояния лаборатории от пользователя 859743151
2024-11-28 16:30:26,726 INFO Update id=456861027 is handled. Duration 485 ms by bot id=7443999450
2024-11-28 16:31:22,934 ERROR Failed to fetch updates - TelegramNetworkError: HTTP Client says - ClientOSError: [WinError 1236] Подключение к сети было разорвано локальной системой
2024-11-28 16:31:22,934 WARNING Sleep for 1.000000 seconds and try again... (tryings = 0, bot id = 7443999450)
2024-11-28 16:31:34,125 INFO Connection established (tryings = 1, bot id = 7443999450)
2024-11-28 16:32:11,795 INFO Polling stopped
2024-11-28 16:32:11,796 INFO Polling stopped for bot @RoboticSamaraBot id=7443999450 - 'Robotic'
